0 info it worked if it ends with ok
1 verbose cli [ '/home/sander/.nvm/versions/node/v6.10.3/bin/node',
1 verbose cli   '/home/sander/.nvm/versions/node/v6.10.3/bin/npm',
1 verbose cli   'run',
1 verbose cli   'update' ]
2 info using npm@3.10.10
3 info using node@v6.10.3
4 verbose run-script [ 'preupdate', 'update', 'postupdate' ]
5 info lifecycle epd@0.0.1~preupdate: epd@0.0.1
6 silly lifecycle epd@0.0.1~preupdate: no script for preupdate, continuing
7 info lifecycle epd@0.0.1~update: epd@0.0.1
8 verbose lifecycle epd@0.0.1~update: unsafe-perm in lifecycle true
9 verbose lifecycle epd@0.0.1~update: PATH: /home/sander/.nvm/versions/node/v6.10.3/lib/node_modules/npm/bin/node-gyp-bin:/home/sander/Documents/projects/nots/project/PoC/Hyperledger/EPD/node_modules/.bin:/home/sander/.nvm/versions/node/v6.10.3/bin:/usr/local/sbin:/usr/local/bin:/usr/bin:/opt/android-sdk/platform-tools:/opt/android-sdk/tools:/opt/android-sdk/tools/bin:/usr/lib/jvm/default/bin:/usr/bin/site_perl:/usr/bin/vendor_perl:/usr/bin/core_perl
10 verbose lifecycle epd@0.0.1~update: CWD: /home/sander/Documents/projects/nots/project/PoC/Hyperledger/EPD
11 silly lifecycle epd@0.0.1~update: Args: [ '-c',
11 silly lifecycle   'composer archive create --sourceType dir --sourceName . && composer network update --archiveFile epd@0.0.1.bna -p defaultProfile -i admin -s adminpw' ]
12 info lifecycle epd@0.0.1~update: Failed to exec update script
13 verbose stack Error: epd@0.0.1 update: `composer archive create --sourceType dir --sourceName . && composer network update --archiveFile epd@0.0.1.bna -p defaultProfile -i admin -s adminpw`
13 verbose stack spawn ENOENT
13 verbose stack     at ChildProcess.<anonymous> (/home/sander/.nvm/versions/node/v6.10.3/lib/node_modules/npm/lib/utils/spawn.js:33:16)
13 verbose stack     at emitTwo (events.js:106:13)
13 verbose stack     at ChildProcess.emit (events.js:191:7)
13 verbose stack     at maybeClose (internal/child_process.js:886:16)
13 verbose stack     at Process.ChildProcess._handle.onexit (internal/child_process.js:226:5)
14 verbose pkgid epd@0.0.1
15 verbose cwd /home/sander/Documents/projects/nots/project/PoC/Hyperledger/EPD
16 error Linux 4.11.2-1-ARCH
17 error argv "/home/sander/.nvm/versions/node/v6.10.3/bin/node" "/home/sander/.nvm/versions/node/v6.10.3/bin/npm" "run" "update"
18 error node v6.10.3
19 error npm  v3.10.10
20 error file sh
21 error code ELIFECYCLE
22 error errno ENOENT
23 error syscall spawn
24 error epd@0.0.1 update: `composer archive create --sourceType dir --sourceName . && composer network update --archiveFile epd@0.0.1.bna -p defaultProfile -i admin -s adminpw`
24 error spawn ENOENT
25 error Failed at the epd@0.0.1 update script 'composer archive create --sourceType dir --sourceName . && composer network update --archiveFile epd@0.0.1.bna -p defaultProfile -i admin -s adminpw'.
25 error Make sure you have the latest version of node.js and npm installed.
25 error If you do, this is most likely a problem with the epd package,
25 error not with npm itself.
25 error Tell the author that this fails on your system:
25 error     composer archive create --sourceType dir --sourceName . && composer network update --archiveFile epd@0.0.1.bna -p defaultProfile -i admin -s adminpw
25 error You can get information on how to open an issue for this project with:
25 error     npm bugs epd
25 error Or if that isn't available, you can get their info via:
25 error     npm owner ls epd
25 error There is likely additional logging output above.
26 verbose exit [ 1, true ]
